2024-11-14 23:57:09,508 - INFO - Starting training with Env: Pendulum-v1, Seed: 0
2024-11-14 23:57:09,829 - INFO - Total T: 200 Episode Num: 1 Reward: [2.]
2024-11-14 23:57:09,831 - INFO - Total T: 200 Episode Num: 1 Reward: -1467.4044597971053
2024-11-14 23:57:09,992 - INFO - Total T: 400 Episode Num: 2 Reward: [11.01808759]
2024-11-14 23:57:09,994 - INFO - Total T: 400 Episode Num: 2 Reward: -1112.1420681403304
2024-11-14 23:57:10,161 - INFO - Total T: 600 Episode Num: 3 Reward: [9.81989061e-46]
2024-11-14 23:57:10,163 - INFO - Total T: 600 Episode Num: 3 Reward: -1521.523409624073
2024-11-14 23:57:10,301 - INFO - Total T: 800 Episode Num: 4 Reward: [3.]
2024-11-14 23:57:10,302 - INFO - Total T: 800 Episode Num: 4 Reward: -1568.1860652917478
2024-11-14 23:57:10,462 - INFO - Total T: 1000 Episode Num: 5 Reward: [5.05872918]
2024-11-14 23:57:10,464 - INFO - Total T: 1000 Episode Num: 5 Reward: -1294.0999594080017
2024-11-14 23:58:05,690 - INFO - Total T: 1200 Episode Num: 6 Reward: [5.36363886]
2024-11-14 23:58:05,692 - INFO - Total T: 1200 Episode Num: 6 Reward: -1235.0646277098058
2024-11-14 23:59:18,223 - INFO - Total T: 1400 Episode Num: 7 Reward: [1.49115174e-230]
2024-11-14 23:59:18,225 - INFO - Total T: 1400 Episode Num: 7 Reward: -1724.1825107038737
2024-11-15 00:00:36,658 - INFO - Total T: 1600 Episode Num: 8 Reward: [27.57711382]
2024-11-15 00:00:36,659 - INFO - Total T: 1600 Episode Num: 8 Reward: -1418.2899805896295
2024-11-15 00:01:54,514 - INFO - Total T: 1800 Episode Num: 9 Reward: [0.]
2024-11-15 00:01:54,516 - INFO - Total T: 1800 Episode Num: 9 Reward: -1567.8425900457949
2024-11-15 00:03:14,357 - INFO - Total T: 2000 Episode Num: 10 Reward: [13.88716243]
2024-11-15 00:03:14,359 - INFO - Total T: 2000 Episode Num: 10 Reward: -1189.1263964326658
2024-11-15 00:05:11,534 - INFO - Total T: 2200 Episode Num: 11 Reward: [10.]
2024-11-15 00:05:11,537 - INFO - Total T: 2200 Episode Num: 11 Reward: -1332.3691962755001
2024-11-15 00:06:39,753 - INFO - Total T: 2400 Episode Num: 12 Reward: [11.]
2024-11-15 00:06:39,755 - INFO - Total T: 2400 Episode Num: 12 Reward: -1352.2176182032035
2024-11-15 00:07:16,707 - INFO -  Evaluation at step 2500: Avg Reward: -1259.331, Avg Decisions: 49.700, Avg Slow Actions: 34.000
2024-11-15 00:07:53,619 - INFO - Total T: 2600 Episode Num: 13 Reward: [2.82811098e-09]
2024-11-15 00:07:53,620 - INFO - Total T: 2600 Episode Num: 13 Reward: -1310.5194100128151
2024-11-15 00:09:03,663 - INFO - Total T: 2800 Episode Num: 14 Reward: [1.0826562]
2024-11-15 00:09:03,664 - INFO - Total T: 2800 Episode Num: 14 Reward: -1214.3856087869517
2024-11-15 00:10:04,221 - INFO - Total T: 3000 Episode Num: 15 Reward: [2.06082585]
2024-11-15 00:10:04,222 - INFO - Total T: 3000 Episode Num: 15 Reward: -1135.229986546815
2024-11-15 00:11:21,784 - INFO - Total T: 3200 Episode Num: 16 Reward: [4.15842125]
2024-11-15 00:11:22,206 - INFO - Total T: 3200 Episode Num: 16 Reward: -1213.2903025605062
2024-11-15 00:12:42,872 - INFO - Total T: 3400 Episode Num: 17 Reward: [11.23667974]
2024-11-15 00:12:42,873 - INFO - Total T: 3400 Episode Num: 17 Reward: -1190.8567364074454
2024-11-15 00:14:05,958 - INFO - Total T: 3600 Episode Num: 18 Reward: [6.00228059]
2024-11-15 00:14:05,959 - INFO - Total T: 3600 Episode Num: 18 Reward: -1119.1913075156288
2024-11-15 00:15:23,899 - INFO - Total T: 3800 Episode Num: 19 Reward: [24.21729854]
2024-11-15 00:15:23,906 - INFO - Total T: 3800 Episode Num: 19 Reward: -1013.1705937965808
2024-11-15 00:16:48,419 - INFO - Total T: 4000 Episode Num: 20 Reward: [29.33157028]
2024-11-15 00:16:48,421 - INFO - Total T: 4000 Episode Num: 20 Reward: -850.8387830090039
2024-11-15 00:17:59,403 - INFO - Total T: 4200 Episode Num: 21 Reward: [18.31167591]
2024-11-15 00:17:59,404 - INFO - Total T: 4200 Episode Num: 21 Reward: -990.2074788753642
2024-11-15 00:19:40,869 - INFO - Total T: 4400 Episode Num: 22 Reward: [19.58826965]
2024-11-15 00:19:41,785 - INFO - Total T: 4400 Episode Num: 22 Reward: -1001.8926176711437
2024-11-15 00:20:56,877 - INFO - Total T: 4600 Episode Num: 23 Reward: [22.81994407]
2024-11-15 00:20:56,881 - INFO - Total T: 4600 Episode Num: 23 Reward: -887.2342260525593
2024-11-15 00:22:12,023 - INFO - Total T: 4800 Episode Num: 24 Reward: [26.09145234]
2024-11-15 00:22:12,025 - INFO - Total T: 4800 Episode Num: 24 Reward: -1199.3376890373318
2024-11-15 00:23:48,087 - INFO - Total T: 5000 Episode Num: 25 Reward: [27.21652751]
2024-11-15 00:23:48,089 - INFO - Total T: 5000 Episode Num: 25 Reward: -1022.2886415050547
2024-11-15 00:23:49,297 - INFO -  Evaluation at step 5000: Avg Reward: -1224.823, Avg Decisions: 42.100, Avg Slow Actions: 34.000
2024-11-15 00:25:23,236 - INFO - Total T: 5200 Episode Num: 26 Reward: [48.0074495]
2024-11-15 00:25:23,238 - INFO - Total T: 5200 Episode Num: 26 Reward: -1413.6656151197494
2024-11-15 00:26:38,343 - INFO - Total T: 5400 Episode Num: 27 Reward: [29.89528597]
2024-11-15 00:26:38,344 - INFO - Total T: 5400 Episode Num: 27 Reward: -1021.707123384024
2024-11-15 00:28:10,032 - INFO - Total T: 5600 Episode Num: 28 Reward: [28.57883806]
2024-11-15 00:28:10,033 - INFO - Total T: 5600 Episode Num: 28 Reward: -1224.238739594207
2024-11-15 00:29:29,842 - INFO - Total T: 5800 Episode Num: 29 Reward: [23.75898478]
2024-11-15 00:29:29,843 - INFO - Total T: 5800 Episode Num: 29 Reward: -1209.0579566723316
2024-11-15 00:30:41,934 - INFO - Total T: 6000 Episode Num: 30 Reward: [29.26745202]
2024-11-15 00:30:41,935 - INFO - Total T: 6000 Episode Num: 30 Reward: -1195.5819791701774
2024-11-15 00:32:13,444 - INFO - Total T: 6200 Episode Num: 31 Reward: [32.3143554]
2024-11-15 00:32:13,445 - INFO - Total T: 6200 Episode Num: 31 Reward: -1075.872703285109
2024-11-15 00:33:27,944 - INFO - Total T: 6400 Episode Num: 32 Reward: [22.83056037]
2024-11-15 00:33:27,945 - INFO - Total T: 6400 Episode Num: 32 Reward: -1075.8108482704017
2024-11-15 00:34:30,838 - INFO - Total T: 6600 Episode Num: 33 Reward: [18.71107015]
2024-11-15 00:34:30,839 - INFO - Total T: 6600 Episode Num: 33 Reward: -1074.0896296855176
2024-11-15 00:35:34,988 - INFO - Total T: 6800 Episode Num: 34 Reward: [2.11795918e-45]
2024-11-15 00:35:34,992 - INFO - Total T: 6800 Episode Num: 34 Reward: -1579.0470551869312
2024-11-15 00:36:32,946 - INFO - Total T: 7000 Episode Num: 35 Reward: [20.29723849]
2024-11-15 00:36:32,947 - INFO - Total T: 7000 Episode Num: 35 Reward: -963.6706741314789
2024-11-15 00:37:32,325 - INFO - Total T: 7200 Episode Num: 36 Reward: [23.17986426]
2024-11-15 00:37:32,327 - INFO - Total T: 7200 Episode Num: 36 Reward: -909.2605319483624
2024-11-15 00:38:29,978 - INFO - Total T: 7400 Episode Num: 37 Reward: [15.97821277]
2024-11-15 00:38:29,980 - INFO - Total T: 7400 Episode Num: 37 Reward: -1120.6204736923296
2024-11-15 00:39:01,925 - INFO -  Evaluation at step 7500: Avg Reward: -961.392, Avg Decisions: 36.500, Avg Slow Actions: 34.000
2024-11-15 00:39:30,813 - INFO - Total T: 7600 Episode Num: 38 Reward: [32.2488603]
2024-11-15 00:39:30,815 - INFO - Total T: 7600 Episode Num: 38 Reward: -874.0009156255052
2024-11-15 00:40:54,900 - INFO - Total T: 7800 Episode Num: 39 Reward: [25.93313607]
2024-11-15 00:40:54,901 - INFO - Total T: 7800 Episode Num: 39 Reward: -898.8985144515254
2024-11-15 00:42:06,730 - INFO - Total T: 8000 Episode Num: 40 Reward: [21.80869501]
2024-11-15 00:42:06,732 - INFO - Total T: 8000 Episode Num: 40 Reward: -1062.242808222325
2024-11-15 00:43:26,183 - INFO - Total T: 8200 Episode Num: 41 Reward: [36.69441124]
2024-11-15 00:43:26,184 - INFO - Total T: 8200 Episode Num: 41 Reward: -773.3634048024612
2024-11-15 00:44:50,749 - INFO - Total T: 8400 Episode Num: 42 Reward: [25.19658662]
2024-11-15 00:44:50,751 - INFO - Total T: 8400 Episode Num: 42 Reward: -896.1966176176479
2024-11-15 00:46:11,822 - INFO - Total T: 8600 Episode Num: 43 Reward: [43.75639477]
2024-11-15 00:46:11,823 - INFO - Total T: 8600 Episode Num: 43 Reward: -734.1242428235702
2024-11-15 00:47:18,888 - INFO - Total T: 8800 Episode Num: 44 Reward: [19.65658726]
2024-11-15 00:47:18,889 - INFO - Total T: 8800 Episode Num: 44 Reward: -1000.2836801754285
2024-11-15 00:48:27,927 - INFO - Total T: 9000 Episode Num: 45 Reward: [25.73225884]
2024-11-15 00:48:27,928 - INFO - Total T: 9000 Episode Num: 45 Reward: -1033.8352272190857
2024-11-15 00:49:37,339 - INFO - Total T: 9200 Episode Num: 46 Reward: [28.84158031]
2024-11-15 00:49:37,340 - INFO - Total T: 9200 Episode Num: 46 Reward: -882.822244499863
2024-11-15 00:50:54,196 - INFO - Total T: 9400 Episode Num: 47 Reward: [29.34490068]
2024-11-15 00:50:54,198 - INFO - Total T: 9400 Episode Num: 47 Reward: -901.6706170167799
2024-11-15 00:52:02,161 - INFO - Total T: 9600 Episode Num: 48 Reward: [31.03127376]
2024-11-15 00:52:02,162 - INFO - Total T: 9600 Episode Num: 48 Reward: -893.1812172729955
2024-11-15 00:53:22,442 - INFO - Total T: 9800 Episode Num: 49 Reward: [29.29788068]
2024-11-15 00:53:22,444 - INFO - Total T: 9800 Episode Num: 49 Reward: -856.1746661517074
2024-11-15 00:54:36,504 - INFO - Total T: 10000 Episode Num: 50 Reward: [33.69342056]
2024-11-15 00:54:36,506 - INFO - Total T: 10000 Episode Num: 50 Reward: -790.3910801232539
2024-11-15 00:54:37,360 - INFO -  Evaluation at step 10000: Avg Reward: -894.981, Avg Decisions: 38.500, Avg Slow Actions: 34.000
2024-11-15 00:55:46,562 - INFO - Total T: 10200 Episode Num: 51 Reward: [32.2350525]
2024-11-15 00:55:46,564 - INFO - Total T: 10200 Episode Num: 51 Reward: -879.9912917076757
2024-11-15 00:57:06,069 - INFO - Total T: 10400 Episode Num: 52 Reward: [27.25872479]
2024-11-15 00:57:06,071 - INFO - Total T: 10400 Episode Num: 52 Reward: -881.3209292661679
2024-11-15 00:58:09,050 - INFO - Total T: 10600 Episode Num: 53 Reward: [33.66331026]
2024-11-15 00:58:09,052 - INFO - Total T: 10600 Episode Num: 53 Reward: -772.0282015459484
2024-11-15 00:59:28,983 - INFO - Total T: 10800 Episode Num: 54 Reward: [39.98569333]
2024-11-15 00:59:28,985 - INFO - Total T: 10800 Episode Num: 54 Reward: -759.0957860956646
2024-11-15 01:01:24,006 - INFO - Total T: 11000 Episode Num: 55 Reward: [30.26159331]
2024-11-15 01:01:24,008 - INFO - Total T: 11000 Episode Num: 55 Reward: -892.1769938123874
2024-11-15 01:02:42,955 - INFO - Total T: 11200 Episode Num: 56 Reward: [27.31824297]
2024-11-15 01:02:42,957 - INFO - Total T: 11200 Episode Num: 56 Reward: -776.8639082523722
2024-11-15 01:03:50,738 - INFO - Total T: 11400 Episode Num: 57 Reward: [38.39670722]
2024-11-15 01:03:50,739 - INFO - Total T: 11400 Episode Num: 57 Reward: -759.6970502282066
2024-11-15 01:05:10,246 - INFO - Total T: 11600 Episode Num: 58 Reward: [46.23049882]
2024-11-15 01:05:10,248 - INFO - Total T: 11600 Episode Num: 58 Reward: -659.6322344745643
2024-11-15 01:06:23,450 - INFO - Total T: 11800 Episode Num: 59 Reward: [35.34147969]
2024-11-15 01:06:23,452 - INFO - Total T: 11800 Episode Num: 59 Reward: -767.9676453728254
2024-11-15 01:07:26,416 - INFO - Total T: 12000 Episode Num: 60 Reward: [34.99197215]
2024-11-15 01:07:26,416 - INFO - Total T: 12000 Episode Num: 60 Reward: -785.2444846867663
2024-11-15 01:08:33,117 - INFO - Total T: 12200 Episode Num: 61 Reward: [27.87229054]
2024-11-15 01:08:33,119 - INFO - Total T: 12200 Episode Num: 61 Reward: -891.4559324307323
2024-11-15 01:09:58,903 - INFO - Total T: 12400 Episode Num: 62 Reward: [26.14863288]
2024-11-15 01:09:58,905 - INFO - Total T: 12400 Episode Num: 62 Reward: -884.4585348372003
2024-11-15 01:10:33,849 - INFO -  Evaluation at step 12500: Avg Reward: -828.797, Avg Decisions: 38.500, Avg Slow Actions: 34.000
2024-11-15 01:11:16,461 - INFO - Total T: 12600 Episode Num: 63 Reward: [26.53513056]
2024-11-15 01:11:16,463 - INFO - Total T: 12600 Episode Num: 63 Reward: -885.2900299357734
2024-11-15 01:12:30,911 - INFO - Total T: 12800 Episode Num: 64 Reward: [46.67725014]
2024-11-15 01:12:30,913 - INFO - Total T: 12800 Episode Num: 64 Reward: -747.76669704113
2024-11-15 01:13:49,600 - INFO - Total T: 13000 Episode Num: 65 Reward: [25.24135706]
2024-11-15 01:13:49,602 - INFO - Total T: 13000 Episode Num: 65 Reward: -903.492198436095
2024-11-15 01:14:54,106 - INFO - Total T: 13200 Episode Num: 66 Reward: [31.27755668]
2024-11-15 01:14:54,108 - INFO - Total T: 13200 Episode Num: 66 Reward: -786.3355226701325
2024-11-15 01:16:09,075 - INFO - Total T: 13400 Episode Num: 67 Reward: [38.20045838]
2024-11-15 01:16:09,078 - INFO - Total T: 13400 Episode Num: 67 Reward: -769.7754437548764
2024-11-15 01:17:39,000 - INFO - Total T: 13600 Episode Num: 68 Reward: [40.68197589]
2024-11-15 01:17:39,002 - INFO - Total T: 13600 Episode Num: 68 Reward: -766.1876567391066
2024-11-15 01:19:08,407 - INFO - Total T: 13800 Episode Num: 69 Reward: [41.48840997]
2024-11-15 01:19:08,409 - INFO - Total T: 13800 Episode Num: 69 Reward: -753.2468528217679
2024-11-15 01:20:18,783 - INFO - Total T: 14000 Episode Num: 70 Reward: [34.15415913]
2024-11-15 01:20:18,785 - INFO - Total T: 14000 Episode Num: 70 Reward: -899.3338186821109
2024-11-15 01:21:25,436 - INFO - Total T: 14200 Episode Num: 71 Reward: [34.82722996]
2024-11-15 01:21:25,437 - INFO - Total T: 14200 Episode Num: 71 Reward: -775.2860912226656
2024-11-15 01:22:48,090 - INFO - Total T: 14400 Episode Num: 72 Reward: [33.60063081]
2024-11-15 01:22:48,091 - INFO - Total T: 14400 Episode Num: 72 Reward: -876.6852117377779
2024-11-15 01:24:05,723 - INFO - Total T: 14600 Episode Num: 73 Reward: [29.52296345]
2024-11-15 01:24:05,726 - INFO - Total T: 14600 Episode Num: 73 Reward: -890.4161055642861
2024-11-15 01:25:18,040 - INFO - Total T: 14800 Episode Num: 74 Reward: [39.22213505]
2024-11-15 01:25:18,042 - INFO - Total T: 14800 Episode Num: 74 Reward: -748.6545879035779
2024-11-15 01:26:54,952 - INFO - Total T: 15000 Episode Num: 75 Reward: [46.3073429]
2024-11-15 01:26:54,954 - INFO - Total T: 15000 Episode Num: 75 Reward: -654.571848185763
2024-11-15 01:26:56,027 - INFO -  Evaluation at step 15000: Avg Reward: -744.194, Avg Decisions: 42.500, Avg Slow Actions: 34.000
2024-11-15 01:28:23,973 - INFO - Total T: 15200 Episode Num: 76 Reward: [37.15433337]
2024-11-15 01:28:23,974 - INFO - Total T: 15200 Episode Num: 76 Reward: -778.1730302093038
2024-11-15 01:29:41,703 - INFO - Total T: 15400 Episode Num: 77 Reward: [29.73485168]
2024-11-15 01:29:41,705 - INFO - Total T: 15400 Episode Num: 77 Reward: -901.8955121523423
2024-11-15 01:31:13,165 - INFO - Total T: 15600 Episode Num: 78 Reward: [41.65275237]
2024-11-15 01:31:13,165 - INFO - Total T: 15600 Episode Num: 78 Reward: -706.3209663116758
2024-11-15 01:32:33,058 - INFO - Total T: 15800 Episode Num: 79 Reward: [44.58187968]
2024-11-15 01:32:33,060 - INFO - Total T: 15800 Episode Num: 79 Reward: -742.1453755168875
2024-11-15 01:33:49,435 - INFO - Total T: 16000 Episode Num: 80 Reward: [43.3249265]
2024-11-15 01:33:49,437 - INFO - Total T: 16000 Episode Num: 80 Reward: -720.4931929640663
2024-11-15 01:35:27,395 - INFO - Total T: 16200 Episode Num: 81 Reward: [37.29650047]
2024-11-15 01:35:27,396 - INFO - Total T: 16200 Episode Num: 81 Reward: -852.6080154933114
2024-11-15 01:36:55,045 - INFO - Total T: 16400 Episode Num: 82 Reward: [41.93118313]
2024-11-15 01:36:55,048 - INFO - Total T: 16400 Episode Num: 82 Reward: -756.0785828910025
2024-11-15 01:38:02,584 - INFO - Total T: 16600 Episode Num: 83 Reward: [40.06225607]
2024-11-15 01:38:02,587 - INFO - Total T: 16600 Episode Num: 83 Reward: -749.4366394218932
2024-11-15 01:39:22,680 - INFO - Total T: 16800 Episode Num: 84 Reward: [36.55090773]
2024-11-15 01:39:22,699 - INFO - Total T: 16800 Episode Num: 84 Reward: -756.0493221516717
2024-11-15 01:40:29,414 - INFO - Total T: 17000 Episode Num: 85 Reward: [35.09740037]
2024-11-15 01:40:29,422 - INFO - Total T: 17000 Episode Num: 85 Reward: -761.4573931171973
2024-11-15 01:41:47,016 - INFO - Total T: 17200 Episode Num: 86 Reward: [46.78749802]
2024-11-15 01:41:47,018 - INFO - Total T: 17200 Episode Num: 86 Reward: -647.3168373577155
2024-11-15 01:43:03,911 - INFO - Total T: 17400 Episode Num: 87 Reward: [35.3650463]
2024-11-15 01:43:03,912 - INFO - Total T: 17400 Episode Num: 87 Reward: -757.8776612925183
2024-11-15 01:43:40,108 - INFO -  Evaluation at step 17500: Avg Reward: -868.128, Avg Decisions: 37.600, Avg Slow Actions: 34.000
2024-11-15 01:44:22,431 - INFO - Total T: 17600 Episode Num: 88 Reward: [32.85286167]
2024-11-15 01:44:22,433 - INFO - Total T: 17600 Episode Num: 88 Reward: -765.6020572144522
2024-11-15 01:45:58,878 - INFO - Total T: 17800 Episode Num: 89 Reward: [26.01449833]
2024-11-15 01:45:58,879 - INFO - Total T: 17800 Episode Num: 89 Reward: -884.9146410985833
2024-11-15 01:47:20,325 - INFO - Total T: 18000 Episode Num: 90 Reward: [29.42013491]
2024-11-15 01:47:20,326 - INFO - Total T: 18000 Episode Num: 90 Reward: -856.2120864970034
2024-11-15 01:48:36,638 - INFO - Total T: 18200 Episode Num: 91 Reward: [47.50909856]
2024-11-15 01:48:36,641 - INFO - Total T: 18200 Episode Num: 91 Reward: -635.3495326936745
2024-11-15 01:49:46,320 - INFO - Total T: 18400 Episode Num: 92 Reward: [40.31978063]
2024-11-15 01:49:46,322 - INFO - Total T: 18400 Episode Num: 92 Reward: -740.9129772066922
2024-11-15 01:50:52,270 - INFO - Total T: 18600 Episode Num: 93 Reward: [18.29874779]
2024-11-15 01:50:52,272 - INFO - Total T: 18600 Episode Num: 93 Reward: -1051.2074559085354
2024-11-15 01:52:22,411 - INFO - Total T: 18800 Episode Num: 94 Reward: [37.42482761]
2024-11-15 01:52:22,415 - INFO - Total T: 18800 Episode Num: 94 Reward: -770.7723169005216
2024-11-15 01:53:43,585 - INFO - Total T: 19000 Episode Num: 95 Reward: [25.93314817]
2024-11-15 01:53:43,586 - INFO - Total T: 19000 Episode Num: 95 Reward: -878.9196793321205
2024-11-15 01:55:21,568 - INFO - Total T: 19200 Episode Num: 96 Reward: [41.13155215]
2024-11-15 01:55:21,569 - INFO - Total T: 19200 Episode Num: 96 Reward: -719.8747876217669
2024-11-15 01:56:45,338 - INFO - Total T: 19400 Episode Num: 97 Reward: [25.86032472]
2024-11-15 01:56:45,340 - INFO - Total T: 19400 Episode Num: 97 Reward: -895.7754939913107
2024-11-15 01:58:14,734 - INFO - Total T: 19600 Episode Num: 98 Reward: [23.24560448]
2024-11-15 01:58:14,736 - INFO - Total T: 19600 Episode Num: 98 Reward: -912.9898927480332
2024-11-15 01:59:37,023 - INFO - Total T: 19800 Episode Num: 99 Reward: [36.59348471]
2024-11-15 01:59:37,025 - INFO - Total T: 19800 Episode Num: 99 Reward: -766.0246160336786
2024-11-15 02:01:03,651 - INFO - Total T: 20000 Episode Num: 100 Reward: [41.26530178]
2024-11-15 02:01:03,655 - INFO - Total T: 20000 Episode Num: 100 Reward: -708.007659451622
2024-11-15 02:01:04,800 - INFO -  Evaluation at step 20000: Avg Reward: -833.383, Avg Decisions: 45.600, Avg Slow Actions: 34.000
2024-11-15 02:02:28,122 - INFO - Total T: 20200 Episode Num: 101 Reward: [23.42232857]
2024-11-15 02:02:28,124 - INFO - Total T: 20200 Episode Num: 101 Reward: -908.4910583737843
2024-11-15 02:03:53,007 - INFO - Total T: 20400 Episode Num: 102 Reward: [10.23850844]
2024-11-15 02:03:53,009 - INFO - Total T: 20400 Episode Num: 102 Reward: -1056.562146844266
2024-11-15 02:05:16,739 - INFO - Total T: 20600 Episode Num: 103 Reward: [14.63778136]
2024-11-15 02:05:16,740 - INFO - Total T: 20600 Episode Num: 103 Reward: -1027.8859080459486
2024-11-15 02:06:40,260 - INFO - Total T: 20800 Episode Num: 104 Reward: [30.47811095]
2024-11-15 02:06:40,262 - INFO - Total T: 20800 Episode Num: 104 Reward: -814.1293749328715
2024-11-15 02:07:40,650 - INFO - Total T: 21000 Episode Num: 105 Reward: [32.30713967]
2024-11-15 02:07:40,652 - INFO - Total T: 21000 Episode Num: 105 Reward: -775.8771902881263
2024-11-15 02:08:51,656 - INFO - Total T: 21200 Episode Num: 106 Reward: [39.94206676]
2024-11-15 02:08:51,659 - INFO - Total T: 21200 Episode Num: 106 Reward: -781.0627905754674
2024-11-15 02:10:04,947 - INFO - Total T: 21400 Episode Num: 107 Reward: [19.71415423]
2024-11-15 02:10:04,951 - INFO - Total T: 21400 Episode Num: 107 Reward: -921.6015849640108
2024-11-15 02:11:32,921 - INFO - Total T: 21600 Episode Num: 108 Reward: [17.9107162]
2024-11-15 02:11:32,923 - INFO - Total T: 21600 Episode Num: 108 Reward: -989.4085596944476
2024-11-15 02:13:01,165 - INFO - Total T: 21800 Episode Num: 109 Reward: [14.51541708]
2024-11-15 02:13:01,167 - INFO - Total T: 21800 Episode Num: 109 Reward: -1025.8629060071823
2024-11-15 02:14:24,223 - INFO - Total T: 22000 Episode Num: 110 Reward: [28.97077999]
2024-11-15 02:14:24,225 - INFO - Total T: 22000 Episode Num: 110 Reward: -852.1921136250821
2024-11-15 02:15:49,378 - INFO - Total T: 22200 Episode Num: 111 Reward: [24.24301915]
2024-11-15 02:15:49,382 - INFO - Total T: 22200 Episode Num: 111 Reward: -943.9178702192371
2024-11-15 02:17:18,221 - INFO - Total T: 22400 Episode Num: 112 Reward: [23.13842603]
2024-11-15 02:17:18,223 - INFO - Total T: 22400 Episode Num: 112 Reward: -918.2816571013785
2024-11-15 02:18:12,620 - INFO -  Evaluation at step 22500: Avg Reward: -872.482, Avg Decisions: 37.500, Avg Slow Actions: 34.000
2024-11-15 02:18:45,941 - INFO - Total T: 22600 Episode Num: 113 Reward: [25.49513068]
2024-11-15 02:18:45,942 - INFO - Total T: 22600 Episode Num: 113 Reward: -899.3351425765168
2024-11-15 02:19:58,179 - INFO - Total T: 22800 Episode Num: 114 Reward: [26.55742056]
2024-11-15 02:19:58,180 - INFO - Total T: 22800 Episode Num: 114 Reward: -899.181315995325
2024-11-15 02:21:33,896 - INFO - Total T: 23000 Episode Num: 115 Reward: [27.25403838]
2024-11-15 02:21:33,897 - INFO - Total T: 23000 Episode Num: 115 Reward: -894.3798074413442
2024-11-15 02:22:57,302 - INFO - Total T: 23200 Episode Num: 116 Reward: [25.98562411]
2024-11-15 02:22:57,304 - INFO - Total T: 23200 Episode Num: 116 Reward: -900.5490824005024
2024-11-15 02:24:08,944 - INFO - Total T: 23400 Episode Num: 117 Reward: [28.46928495]
2024-11-15 02:24:08,945 - INFO - Total T: 23400 Episode Num: 117 Reward: -903.4473004231758
2024-11-15 02:25:07,069 - INFO - Total T: 23600 Episode Num: 118 Reward: [25.59767089]
2024-11-15 02:25:07,071 - INFO - Total T: 23600 Episode Num: 118 Reward: -953.0688080942314
